<?xml version="1.0" encoding="UTF-8"?>
<!-- Generated by org.testng.reporters.JUnitReportReporter -->
<testsuite hostname="MacBook-Pro.local" failures="0" tests="4" name="practiceProject.frameworkDesign.SubmitOrder" time="72.077" errors="0" timestamp="2024-07-02T19:49:24 IST" skipped="0">
  <testcase classname="practiceProject.frameworkDesign.SubmitOrder" name="submitOrder" time="26.342"/>
  <testcase classname="practiceProject.frameworkDesign.SubmitOrder" name="submitOrder" time="31.316"/>
  <testcase classname="practiceProject.frameworkDesign.SubmitOrder" name="orderConfirmation" time="2.864"/>
  <testcase classname="practiceProject.frameworkDesign.SubmitOrder" name="orderConfirmation" time="11.555"/>
</testsuite> <!-- practiceProject.frameworkDesign.SubmitOrder -->
