<?xml version="1.0" encoding="UTF-8"?>
<!-- Generated by org.testng.reporters.JUnitReportReporter -->
<testsuite hostname="MacBook-Pro.local" failures="0" tests="4" name="practiceProject.frameworkDesign.SubmitOrder" time="60.951" errors="0" timestamp="2024-07-02T20:39:45 IST" skipped="0">
  <testcase classname="practiceProject.frameworkDesign.SubmitOrder" name="submitOrder" time="28.219"/>
  <testcase classname="practiceProject.frameworkDesign.SubmitOrder" name="submitOrder" time="27.175"/>
  <testcase classname="practiceProject.frameworkDesign.SubmitOrder" name="orderConfirmation" time="2.660"/>
  <testcase classname="practiceProject.frameworkDesign.SubmitOrder" name="orderConfirmation" time="2.897"/>
</testsuite> <!-- practiceProject.frameworkDesign.SubmitOrder -->
